{"/app/src/App.js": {"path":"/app/src/App.js","statementMap":{"0":{"start":{"line":1,"column":16},"end":{"line":1,"column":34}},"1":{"start":{"line":2,"column":12},"end":{"line":2,"column":21}},"2":{"start":{"line":4,"column":19},"end":{"line":4,"column":41}},"3":{"start":{"line":6,"column":16},"end":{"line":6,"column":40}},"4":{"start":{"line":7,"column":15},"end":{"line":7,"column":38}},"5":{"start":{"line":9,"column":0},"end":{"line":9,"column":51}},"6":{"start":{"line":10,"column":0},"end":{"line":10,"column":27}},"7":{"start":{"line":12,"column":0},"end":{"line":12,"column":38}},"8":{"start":{"line":14,"column":0},"end":{"line":14,"column":44}},"9":{"start":{"line":14,"column":29},"end":{"line":14,"column":40}},"10":{"start":{"line":16,"column":0},"end":{"line":16,"column":25}},"11":{"start":{"line":17,"column":0},"end":{"line":17,"column":24}},"12":{"start":{"line":19,"column":0},"end":{"line":19,"column":21}}},"fnMap":{"0":{"name":"(anonymous_0)","decl":{"start":{"line":14,"column":13},"end":{"line":14,"column":14}},"loc":{"start":{"line":14,"column":27},"end":{"line":14,"column":42}},"line":14}},"branchMap":{},"s":{"0":2,"1":2,"2":2,"3":2,"4":2,"5":2,"6":2,"7":2,"8":2,"9":0,"10":2,"11":2,"12":2},"f":{"0":0},"b":{},"_coverageSchema":"1a1c01bbd47fc00a2c39e90264f33305004495a9","hash":"a2a905e77446808670bb1044e5f44b20a4238c08"}
,"/app/src/api/Animals.controller.js": {"path":"/app/src/api/Animals.controller.js","statementMap":{"0":{"start":{"line":1,"column":20},"end":{"line":5,"column":1}},"1":{"start":{"line":7,"column":26},"end":{"line":24,"column":1}},"2":{"start":{"line":10,"column":23},"end":{"line":10,"column":33}},"3":{"start":{"line":12,"column":8},"end":{"line":20,"column":9}},"4":{"start":{"line":13,"column":35},"end":{"line":13,"column":105}},"5":{"start":{"line":13,"column":64},"end":{"line":13,"column":104}},"6":{"start":{"line":15,"column":12},"end":{"line":17,"column":13}},"7":{"start":{"line":16,"column":16},"end":{"line":16,"column":64}},"8":{"start":{"line":19,"column":12},"end":{"line":19,"column":44}},"9":{"start":{"line":22,"column":8},"end":{"line":22,"column":37}},"10":{"start":{"line":26,"column":0},"end":{"line":26,"column":35}}},"fnMap":{"0":{"name":"(anonymous_0)","decl":{"start":{"line":8,"column":9},"end":{"line":8,"column":10}},"loc":{"start":{"line":8,"column":23},"end":{"line":23,"column":5}},"line":8},"1":{"name":"(anonymous_1)","decl":{"start":{"line":13,"column":54},"end":{"line":13,"column":55}},"loc":{"start":{"line":13,"column":64},"end":{"line":13,"column":104}},"line":13}},"branchMap":{"0":{"loc":{"start":{"line":12,"column":8},"end":{"line":20,"column":9}},"type":"if","locations":[{"start":{"line":12,"column":8},"end":{"line":20,"column":9}},{"start":{},"end":{}}],"line":12},"1":{"loc":{"start":{"line":15,"column":12},"end":{"line":17,"column":13}},"type":"if","locations":[{"start":{"line":15,"column":12},"end":{"line":17,"column":13}},{"start":{},"end":{}}],"line":15}},"s":{"0":2,"1":2,"2":5,"3":5,"4":4,"5":12,"6":4,"7":1,"8":3,"9":1,"10":2},"f":{"0":5,"1":12},"b":{"0":[4,1],"1":[1,3]},"_coverageSchema":"1a1c01bbd47fc00a2c39e90264f33305004495a9","hash":"249d2b02bd29b9ec958ece2c90fd533c1e9688a3"}
,"/app/src/api/Animals.js": {"path":"/app/src/api/Animals.js","statementMap":{"0":{"start":{"line":1,"column":16},"end":{"line":1,"column":34}},"1":{"start":{"line":3,"column":26},"end":{"line":3,"column":57}},"2":{"start":{"line":5,"column":16},"end":{"line":5,"column":32}},"3":{"start":{"line":7,"column":0},"end":{"line":7,"column":47}},"4":{"start":{"line":8,"column":0},"end":{"line":8,"column":53}},"5":{"start":{"line":10,"column":0},"end":{"line":10,"column":25}}},"fnMap":{},"branchMap":{},"s":{"0":2,"1":2,"2":2,"3":2,"4":2,"5":2},"f":{},"b":{},"_coverageSchema":"1a1c01bbd47fc00a2c39e90264f33305004495a9","hash":"96f8ddb07f95c46f42cc68afbef18a5fbf68c0e1"}
,"/app/src/api/Fruits.controller.js": {"path":"/app/src/api/Fruits.controller.js","statementMap":{"0":{"start":{"line":1,"column":19},"end":{"line":5,"column":1}},"1":{"start":{"line":7,"column":25},"end":{"line":24,"column":1}},"2":{"start":{"line":10,"column":23},"end":{"line":10,"column":33}},"3":{"start":{"line":12,"column":8},"end":{"line":20,"column":9}},"4":{"start":{"line":13,"column":34},"end":{"line":13,"column":101}},"5":{"start":{"line":13,"column":61},"end":{"line":13,"column":100}},"6":{"start":{"line":15,"column":12},"end":{"line":17,"column":13}},"7":{"start":{"line":16,"column":16},"end":{"line":16,"column":63}},"8":{"start":{"line":19,"column":12},"end":{"line":19,"column":43}},"9":{"start":{"line":22,"column":8},"end":{"line":22,"column":36}},"10":{"start":{"line":26,"column":0},"end":{"line":26,"column":34}}},"fnMap":{"0":{"name":"(anonymous_0)","decl":{"start":{"line":8,"column":9},"end":{"line":8,"column":10}},"loc":{"start":{"line":8,"column":23},"end":{"line":23,"column":5}},"line":8},"1":{"name":"(anonymous_1)","decl":{"start":{"line":13,"column":52},"end":{"line":13,"column":53}},"loc":{"start":{"line":13,"column":61},"end":{"line":13,"column":100}},"line":13}},"branchMap":{"0":{"loc":{"start":{"line":12,"column":8},"end":{"line":20,"column":9}},"type":"if","locations":[{"start":{"line":12,"column":8},"end":{"line":20,"column":9}},{"start":{},"end":{}}],"line":12},"1":{"loc":{"start":{"line":15,"column":12},"end":{"line":17,"column":13}},"type":"if","locations":[{"start":{"line":15,"column":12},"end":{"line":17,"column":13}},{"start":{},"end":{}}],"line":15}},"s":{"0":2,"1":2,"2":5,"3":5,"4":4,"5":12,"6":4,"7":1,"8":3,"9":1,"10":2},"f":{"0":5,"1":12},"b":{"0":[4,1],"1":[1,3]},"_coverageSchema":"1a1c01bbd47fc00a2c39e90264f33305004495a9","hash":"ab83f1d5364a2c2361ade015fe01febaa671e50d"}
,"/app/src/api/Fruits.js": {"path":"/app/src/api/Fruits.js","statementMap":{"0":{"start":{"line":1,"column":16},"end":{"line":1,"column":34}},"1":{"start":{"line":3,"column":25},"end":{"line":3,"column":55}},"2":{"start":{"line":5,"column":15},"end":{"line":5,"column":31}},"3":{"start":{"line":7,"column":0},"end":{"line":7,"column":44}},"4":{"start":{"line":8,"column":0},"end":{"line":8,"column":50}},"5":{"start":{"line":10,"column":0},"end":{"line":10,"column":24}}},"fnMap":{},"branchMap":{},"s":{"0":2,"1":2,"2":2,"3":2,"4":2,"5":2},"f":{},"b":{},"_coverageSchema":"1a1c01bbd47fc00a2c39e90264f33305004495a9","hash":"fd718a34b8faa40a690537fdfbeb26a18831524e"}
,"/app/src/react-app/app/components/list/description-list-detail.jsx": {"path":"/app/src/react-app/app/components/list/description-list-detail.jsx","statementMap":{"0":{"start":{"line":3,"column":39},"end":{"line":7,"column":1}},"1":{"start":{"line":4,"column":4},"end":{"line":6,"column":6}}},"fnMap":{"0":{"name":"(anonymous_0)","decl":{"start":{"line":3,"column":39},"end":{"line":3,"column":40}},"loc":{"start":{"line":3,"column":55},"end":{"line":7,"column":1}},"line":3}},"branchMap":{},"s":{"0":1,"1":1},"f":{"0":1},"b":{},"_coverageSchema":"1a1c01bbd47fc00a2c39e90264f33305004495a9","hash":"57d37582723ffeac7e3777e95bc64a8c10733492"}
,"/app/src/react-app/app/components/list/description-list-term.jsx": {"path":"/app/src/react-app/app/components/list/description-list-term.jsx","statementMap":{"0":{"start":{"line":3,"column":37},"end":{"line":7,"column":1}},"1":{"start":{"line":4,"column":4},"end":{"line":6,"column":6}}},"fnMap":{"0":{"name":"(anonymous_0)","decl":{"start":{"line":3,"column":37},"end":{"line":3,"column":38}},"loc":{"start":{"line":3,"column":53},"end":{"line":7,"column":1}},"line":3}},"branchMap":{},"s":{"0":1,"1":1},"f":{"0":1},"b":{},"_coverageSchema":"1a1c01bbd47fc00a2c39e90264f33305004495a9","hash":"9114a9f18d19dcf160558871a464c3c9b17f5f86"}
,"/app/src/react-app/app/components/list/description-list.jsx": {"path":"/app/src/react-app/app/components/list/description-list.jsx","statementMap":{"0":{"start":{"line":3,"column":33},"end":{"line":7,"column":1}},"1":{"start":{"line":4,"column":4},"end":{"line":6,"column":6}}},"fnMap":{"0":{"name":"(anonymous_0)","decl":{"start":{"line":3,"column":33},"end":{"line":3,"column":34}},"loc":{"start":{"line":3,"column":60},"end":{"line":7,"column":1}},"line":3}},"branchMap":{},"s":{"0":1,"1":2},"f":{"0":2},"b":{},"_coverageSchema":"1a1c01bbd47fc00a2c39e90264f33305004495a9","hash":"0e3a69fac9cf08621717ae4a831438984804b2ed"}
,"/app/src/react-app/app/components/list/list-item.jsx": {"path":"/app/src/react-app/app/components/list/list-item.jsx","statementMap":{"0":{"start":{"line":3,"column":26},"end":{"line":7,"column":1}},"1":{"start":{"line":4,"column":4},"end":{"line":6,"column":6}}},"fnMap":{"0":{"name":"(anonymous_0)","decl":{"start":{"line":3,"column":26},"end":{"line":3,"column":27}},"loc":{"start":{"line":3,"column":51},"end":{"line":7,"column":1}},"line":3}},"branchMap":{},"s":{"0":1,"1":2},"f":{"0":2},"b":{},"_coverageSchema":"1a1c01bbd47fc00a2c39e90264f33305004495a9","hash":"87a3e0ea7f13cd58dc1992a975f181b19247bfe8"}
,"/app/src/react-app/app/components/list/unordered-list.jsx": {"path":"/app/src/react-app/app/components/list/unordered-list.jsx","statementMap":{"0":{"start":{"line":3,"column":31},"end":{"line":7,"column":1}},"1":{"start":{"line":4,"column":4},"end":{"line":6,"column":6}}},"fnMap":{"0":{"name":"(anonymous_0)","decl":{"start":{"line":3,"column":31},"end":{"line":3,"column":32}},"loc":{"start":{"line":3,"column":58},"end":{"line":7,"column":1}},"line":3}},"branchMap":{},"s":{"0":1,"1":1},"f":{"0":1},"b":{},"_coverageSchema":"1a1c01bbd47fc00a2c39e90264f33305004495a9","hash":"8bc5bb311d2d9b0c472fc97cac9303b66991825b"}
,"/app/src/react-app/app/components/modal/modal-body.jsx": {"path":"/app/src/react-app/app/components/modal/modal-body.jsx","statementMap":{"0":{"start":{"line":3,"column":27},"end":{"line":7,"column":1}},"1":{"start":{"line":4,"column":4},"end":{"line":6,"column":6}}},"fnMap":{"0":{"name":"(anonymous_0)","decl":{"start":{"line":3,"column":27},"end":{"line":3,"column":28}},"loc":{"start":{"line":3,"column":43},"end":{"line":7,"column":1}},"line":3}},"branchMap":{},"s":{"0":1,"1":1},"f":{"0":1},"b":{},"_coverageSchema":"1a1c01bbd47fc00a2c39e90264f33305004495a9","hash":"745f06072e65059abd07de46c3fdb5f54c1c1f2e"}
,"/app/src/react-app/app/components/modal/modal-footer.jsx": {"path":"/app/src/react-app/app/components/modal/modal-footer.jsx","statementMap":{"0":{"start":{"line":3,"column":29},"end":{"line":7,"column":1}},"1":{"start":{"line":4,"column":4},"end":{"line":6,"column":6}}},"fnMap":{"0":{"name":"(anonymous_0)","decl":{"start":{"line":3,"column":29},"end":{"line":3,"column":30}},"loc":{"start":{"line":3,"column":45},"end":{"line":7,"column":1}},"line":3}},"branchMap":{},"s":{"0":1,"1":1},"f":{"0":1},"b":{},"_coverageSchema":"1a1c01bbd47fc00a2c39e90264f33305004495a9","hash":"eeb0b5b24efb4206889a5298ebdfff79640d6fa1"}
,"/app/src/react-app/app/components/modal/modal-header-close-button.jsx": {"path":"/app/src/react-app/app/components/modal/modal-header-close-button.jsx","statementMap":{"0":{"start":{"line":3,"column":40},"end":{"line":7,"column":1}},"1":{"start":{"line":4,"column":4},"end":{"line":6,"column":6}}},"fnMap":{"0":{"name":"(anonymous_0)","decl":{"start":{"line":3,"column":40},"end":{"line":3,"column":41}},"loc":{"start":{"line":3,"column":55},"end":{"line":7,"column":1}},"line":3}},"branchMap":{},"s":{"0":1,"1":1},"f":{"0":1},"b":{},"_coverageSchema":"1a1c01bbd47fc00a2c39e90264f33305004495a9","hash":"d5e5f7b6c6adeb62c49f4bc3cb139adf58295a6c"}
,"/app/src/react-app/app/components/modal/modal-header-title.jsx": {"path":"/app/src/react-app/app/components/modal/modal-header-title.jsx","statementMap":{"0":{"start":{"line":3,"column":34},"end":{"line":7,"column":1}},"1":{"start":{"line":4,"column":4},"end":{"line":6,"column":6}}},"fnMap":{"0":{"name":"(anonymous_0)","decl":{"start":{"line":3,"column":34},"end":{"line":3,"column":35}},"loc":{"start":{"line":3,"column":50},"end":{"line":7,"column":1}},"line":3}},"branchMap":{},"s":{"0":1,"1":1},"f":{"0":1},"b":{},"_coverageSchema":"1a1c01bbd47fc00a2c39e90264f33305004495a9","hash":"6729e02bf3e1fd2a9c0a962792c4591cd00a315b"}
,"/app/src/react-app/app/components/modal/modal-header.jsx": {"path":"/app/src/react-app/app/components/modal/modal-header.jsx","statementMap":{"0":{"start":{"line":3,"column":29},"end":{"line":7,"column":1}},"1":{"start":{"line":4,"column":4},"end":{"line":6,"column":6}}},"fnMap":{"0":{"name":"(anonymous_0)","decl":{"start":{"line":3,"column":29},"end":{"line":3,"column":30}},"loc":{"start":{"line":3,"column":45},"end":{"line":7,"column":1}},"line":3}},"branchMap":{},"s":{"0":1,"1":1},"f":{"0":1},"b":{},"_coverageSchema":"1a1c01bbd47fc00a2c39e90264f33305004495a9","hash":"d9de3dbca4f335fdb607c277ee109414df169fa3"}
,"/app/src/react-app/app/components/modal/modal-root.jsx": {"path":"/app/src/react-app/app/components/modal/modal-root.jsx","statementMap":{"0":{"start":{"line":4,"column":27},"end":{"line":15,"column":1}},"1":{"start":{"line":6,"column":4},"end":{"line":6,"column":30}},"2":{"start":{"line":6,"column":21},"end":{"line":6,"column":28}},"3":{"start":{"line":8,"column":4},"end":{"line":14,"column":6}}},"fnMap":{"0":{"name":"(anonymous_0)","decl":{"start":{"line":4,"column":27},"end":{"line":4,"column":28}},"loc":{"start":{"line":4,"column":63},"end":{"line":15,"column":1}},"line":4}},"branchMap":{"0":{"loc":{"start":{"line":6,"column":4},"end":{"line":6,"column":30}},"type":"if","locations":[{"start":{"line":6,"column":4},"end":{"line":6,"column":30}},{"start":{},"end":{}}],"line":6}},"s":{"0":1,"1":3,"2":2,"3":1},"f":{"0":3},"b":{"0":[2,1]},"_coverageSchema":"1a1c01bbd47fc00a2c39e90264f33305004495a9","hash":"9a503d9c02d0597a579a9ed11413ef0c9bef5953"}
,"/app/src/react-app/app/hooks/animals.js": {"path":"/app/src/react-app/app/hooks/animals.js","statementMap":{"0":{"start":{"line":5,"column":26},"end":{"line":18,"column":1}},"1":{"start":{"line":7,"column":34},"end":{"line":7,"column":46}},"2":{"start":{"line":9,"column":37},"end":{"line":12,"column":5}},"3":{"start":{"line":10,"column":24},"end":{"line":10,"column":42}},"4":{"start":{"line":11,"column":8},"end":{"line":11,"column":28}},"5":{"start":{"line":14,"column":4},"end":{"line":17,"column":6}}},"fnMap":{"0":{"name":"(anonymous_0)","decl":{"start":{"line":5,"column":26},"end":{"line":5,"column":27}},"loc":{"start":{"line":5,"column":32},"end":{"line":18,"column":1}},"line":5},"1":{"name":"(anonymous_1)","decl":{"start":{"line":9,"column":37},"end":{"line":9,"column":38}},"loc":{"start":{"line":9,"column":49},"end":{"line":12,"column":5}},"line":9}},"branchMap":{},"s":{"0":1,"1":2,"2":2,"3":1,"4":1,"5":2},"f":{"0":2,"1":1},"b":{},"_coverageSchema":"1a1c01bbd47fc00a2c39e90264f33305004495a9","hash":"b812a2bfa3938387dc92a7489d8b7c3dec7172a6"}
,"/app/src/react-app/app/hooks/fruits.js": {"path":"/app/src/react-app/app/hooks/fruits.js","statementMap":{"0":{"start":{"line":5,"column":25},"end":{"line":18,"column":1}},"1":{"start":{"line":7,"column":32},"end":{"line":7,"column":44}},"2":{"start":{"line":9,"column":36},"end":{"line":12,"column":5}},"3":{"start":{"line":10,"column":23},"end":{"line":10,"column":40}},"4":{"start":{"line":11,"column":8},"end":{"line":11,"column":26}},"5":{"start":{"line":14,"column":4},"end":{"line":17,"column":6}}},"fnMap":{"0":{"name":"(anonymous_0)","decl":{"start":{"line":5,"column":25},"end":{"line":5,"column":26}},"loc":{"start":{"line":5,"column":31},"end":{"line":18,"column":1}},"line":5},"1":{"name":"(anonymous_1)","decl":{"start":{"line":9,"column":36},"end":{"line":9,"column":37}},"loc":{"start":{"line":9,"column":48},"end":{"line":12,"column":5}},"line":9}},"branchMap":{},"s":{"0":1,"1":2,"2":2,"3":1,"4":1,"5":2},"f":{"0":2,"1":1},"b":{},"_coverageSchema":"1a1c01bbd47fc00a2c39e90264f33305004495a9","hash":"e66523618b36ded25fae262b631f13b5cab0dc5c"}
,"/app/src/react-app/app/hooks/modal.js": {"path":"/app/src/react-app/app/hooks/modal.js","statementMap":{"0":{"start":{"line":3,"column":24},"end":{"line":34,"column":1}},"1":{"start":{"line":5,"column":40},"end":{"line":5,"column":96}},"2":{"start":{"line":7,"column":29},"end":{"line":16,"column":5}},"3":{"start":{"line":8,"column":8},"end":{"line":15,"column":10}},"4":{"start":{"line":9,"column":12},"end":{"line":14,"column":14}},"5":{"start":{"line":18,"column":23},"end":{"line":27,"column":5}},"6":{"start":{"line":19,"column":8},"end":{"line":26,"column":10}},"7":{"start":{"line":20,"column":12},"end":{"line":25,"column":14}},"8":{"start":{"line":29,"column":4},"end":{"line":33,"column":5}}},"fnMap":{"0":{"name":"(anonymous_0)","decl":{"start":{"line":3,"column":24},"end":{"line":3,"column":25}},"loc":{"start":{"line":3,"column":30},"end":{"line":34,"column":1}},"line":3},"1":{"name":"(anonymous_1)","decl":{"start":{"line":7,"column":29},"end":{"line":7,"column":30}},"loc":{"start":{"line":7,"column":39},"end":{"line":16,"column":5}},"line":7},"2":{"name":"(anonymous_2)","decl":{"start":{"line":8,"column":22},"end":{"line":8,"column":23}},"loc":{"start":{"line":8,"column":35},"end":{"line":15,"column":9}},"line":8},"3":{"name":"(anonymous_3)","decl":{"start":{"line":18,"column":23},"end":{"line":18,"column":24}},"loc":{"start":{"line":18,"column":29},"end":{"line":27,"column":5}},"line":18},"4":{"name":"(anonymous_4)","decl":{"start":{"line":19,"column":22},"end":{"line":19,"column":23}},"loc":{"start":{"line":19,"column":35},"end":{"line":26,"column":9}},"line":19}},"branchMap":{},"s":{"0":1,"1":6,"2":6,"3":2,"4":2,"5":6,"6":1,"7":1,"8":6},"f":{"0":6,"1":2,"2":2,"3":1,"4":1},"b":{},"_coverageSchema":"1a1c01bbd47fc00a2c39e90264f33305004495a9","hash":"2e5344066350e8c10bafe1e8e0de9947e8e121a2"}
,"/app/src/react-app/app/services/animals.js": {"path":"/app/src/react-app/app/services/animals.js","statementMap":{"0":{"start":{"line":2,"column":26},"end":{"line":5,"column":1}},"1":{"start":{"line":3,"column":21},"end":{"line":3,"column":56}},"2":{"start":{"line":4,"column":4},"end":{"line":4,"column":33}}},"fnMap":{"0":{"name":"(anonymous_0)","decl":{"start":{"line":2,"column":26},"end":{"line":2,"column":27}},"loc":{"start":{"line":2,"column":47},"end":{"line":5,"column":1}},"line":2}},"branchMap":{"0":{"loc":{"start":{"line":2,"column":33},"end":{"line":2,"column":42}},"type":"default-arg","locations":[{"start":{"line":2,"column":40},"end":{"line":2,"column":42}}],"line":2}},"s":{"0":1,"1":1,"2":1},"f":{"0":1},"b":{"0":[1]},"_coverageSchema":"1a1c01bbd47fc00a2c39e90264f33305004495a9","hash":"a6804851e5086f8bedbcd6f2a2549e7e88762cc4"}
,"/app/src/react-app/app/services/fruits.js": {"path":"/app/src/react-app/app/services/fruits.js","statementMap":{"0":{"start":{"line":2,"column":25},"end":{"line":5,"column":1}},"1":{"start":{"line":3,"column":21},"end":{"line":3,"column":55}},"2":{"start":{"line":4,"column":4},"end":{"line":4,"column":33}}},"fnMap":{"0":{"name":"(anonymous_0)","decl":{"start":{"line":2,"column":25},"end":{"line":2,"column":26}},"loc":{"start":{"line":2,"column":46},"end":{"line":5,"column":1}},"line":2}},"branchMap":{"0":{"loc":{"start":{"line":2,"column":32},"end":{"line":2,"column":41}},"type":"default-arg","locations":[{"start":{"line":2,"column":39},"end":{"line":2,"column":41}}],"line":2}},"s":{"0":1,"1":1,"2":1},"f":{"0":1},"b":{"0":[1]},"_coverageSchema":"1a1c01bbd47fc00a2c39e90264f33305004495a9","hash":"29d7197af35732d9836f121d07e5fef5003b5140"}
}
